This is pdfTeX, Version 3.1415926-1.40.10 (TeX Live 2009/Debian) (format=pdflatex 2011.9.30)  17 OCT 2012 00:56
entering extended mode
 %&-line parsing enabled.
**Р”РѕРєР»Р°Рґ_РќРµРѕРїР»Р°С‚РѕРЅРёР·Рј.tex
(./Р”РѕРєР»Р°Рґ_РќРµРѕРїР»Р°С‚РѕРЅРёР·Рј.tex
LaTeX2e <2009/09/24>
Babel <v3.8l> and hyphenation patterns for english, usenglishmax, dumylang, noh
yphenation, bulgarian, ukrainian, russian, loaded.
(/usr/share/texmf-texlive/tex/latex/base/article.cls
Document Class: article 2007/10/19 v1.4h Standard LaTeX document class
(/usr/share/texmf-texlive/tex/latex/base/size12.clo
File: size12.clo 2007/10/19 v1.4h Standard LaTeX file (size option)
)
\c@part=\count79
\c@section=\count80
\c@subsection=\count81
\c@subsubsection=\count82
\c@paragraph=\count83
\c@subparagraph=\count84
\c@figure=\count85
\c@table=\count86
\abovecaptionskip=\skip41
\belowcaptionskip=\skip42
\bibindent=\dimen102
)
(/usr/share/texmf-texlive/tex/generic/babel/babel.sty
Package: babel 2008/07/06 v3.8l The Babel package

(/usr/share/texmf-texlive/tex/generic/babel/russianb.ldf
Language: russianb 2008/03/21 v1.1r Russian support from the babel system

(/usr/share/texmf-texlive/tex/generic/babel/babel.def
File: babel.def 2008/07/06 v3.8l Babel common definitions
\babel@savecnt=\count87
\U@D=\dimen103
)
(/usr/share/texmf-texlive/tex/latex/cyrillic/t2aenc.def
File: t2aenc.def 2005/09/27 v1.0i Cyrillic encoding definition file
)

Package babel Warning: No input encoding specified for Russian language on inpu
t line 136.

Package babel Info: Making " an active character on input line 199.
)) (/usr/share/texmf-texlive/tex/latex/base/inputenc.sty
Package: inputenc 2008/03/30 v1.1d Input encoding file
\inpenc@prehook=\toks14
\inpenc@posthook=\toks15

(/usr/share/texmf-texlive/tex/latex/ucs/utf8x.def
File: utf8x.def 2004/10/17 UCS: Input encoding UTF-8
))
(/usr/share/texmf-texlive/tex/latex/ucs/ucs.sty
Package: ucs 2004/10/17 UCS: Unicode input support

(/usr/share/texmf-texlive/tex/latex/ucs/data/uni-global.def
File: uni-global.def 2004/10/17 UCS: Unicode global data
)
\uc@secondtry=\count88
\uc@combtoks=\toks16
\uc@combtoksb=\toks17
\uc@temptokena=\toks18
)
(/usr/share/texmf-texlive/tex/latex/graphics/graphicx.sty
Package: graphicx 1999/02/16 v1.0f Enhanced LaTeX Graphics (DPC,SPQR)

(/usr/share/texmf-texlive/tex/latex/graphics/keyval.sty
Package: keyval 1999/03/16 v1.13 key=value parser (DPC)
\KV@toks@=\toks19
)
(/usr/share/texmf-texlive/tex/latex/graphics/graphics.sty
Package: graphics 2009/02/05 v1.0o Standard LaTeX Graphics (DPC,SPQR)

(/usr/share/texmf-texlive/tex/latex/graphics/trig.sty
Package: trig 1999/03/16 v1.09 sin cos tan (DPC)
)
(/etc/texmf/tex/latex/config/graphics.cfg
File: graphics.cfg 2009/08/28 v1.8 graphics configuration of TeX Live
)
Package graphics Info: Driver file: pdftex.def on input line 91.

(/usr/share/texmf-texlive/tex/latex/pdftex-def/pdftex.def
File: pdftex.def 2010/03/12 v0.04p Graphics/color for pdfTeX
\Gread@gobject=\count89
))
\Gin@req@height=\dimen104
\Gin@req@width=\dimen105
)
(build/Р”РѕРєР»Р°Рґ_РќРµРѕРїР»Р°С‚РѕРЅРёР·Рј.aux
LaTeX Font Info:    Try loading font information for T2A+cmr on input line 3.

(/usr/share/texmf-texlive/tex/latex/cyrillic/t2acmr.fd
File: t2acmr.fd 2001/08/11 v1.0a Computer Modern Cyrillic font definitions
))
\openout1 = `Р”РѕРєР»Р°Рґ_РќРµРѕРїР»Р°С‚РѕРЅРёР·Рј.aux'.

LaTeX Font Info:    Checking defaults for OML/cmm/m/it on input line 9.
LaTeX Font Info:    ... okay on input line 9.
LaTeX Font Info:    Checking defaults for T1/cmr/m/n on input line 9.
LaTeX Font Info:    ... okay on input line 9.
LaTeX Font Info:    Checking defaults for OT1/cmr/m/n on input line 9.
LaTeX Font Info:    ... okay on input line 9.
LaTeX Font Info:    Checking defaults for OMS/cmsy/m/n on input line 9.
LaTeX Font Info:    ... okay on input line 9.
LaTeX Font Info:    Checking defaults for OMX/cmex/m/n on input line 9.
LaTeX Font Info:    ... okay on input line 9.
LaTeX Font Info:    Checking defaults for U/cmr/m/n on input line 9.
LaTeX Font Info:    ... okay on input line 9.
LaTeX Font Info:    Checking defaults for T2A/cmr/m/n on input line 9.
LaTeX Font Info:    ... okay on input line 9.

(/usr/share/texmf-texlive/tex/latex/ucs/ucsencs.def
File: ucsencs.def 2003/11/29 Fixes to fontencodings LGR, T3
)
(/usr/share/texmf-texlive/tex/context/base/supp-pdf.mkii
[Loading MPS to PDF converter (version 2006.09.02).]
\scratchcounter=\count90
\scratchdimen=\dimen106
\scratchbox=\box26
\nofMPsegments=\count91
\nofMParguments=\count92
\everyMPshowfont=\toks20
\MPscratchCnt=\count93
\MPscratchDim=\dimen107
\MPnumerator=\count94
\everyMPtoPDFconversion=\toks21
) (/usr/share/texmf-texlive/tex/latex/ucs/data/uni-4.def
File: uni-4.def 2004/10/17 UCS: Unicode data U+0400..U+04FF
)
<images/platon.jpg, id=1, 341.275pt x 435.6275pt>
File: images/platon.jpg Graphic file (type jpg)
 <use images/platon.jpg>
LaTeX Font Info:    External font `cmex10' loaded for size
(Font)              <12> on input line 27.
LaTeX Font Info:    External font `cmex10' loaded for size
(Font)              <8> on input line 27.
LaTeX Font Info:    External font `cmex10' loaded for size
(Font)              <6> on input line 27.

[1

{/var/lib/texmf/fonts/map/pdftex/updmap/pdftex.map} <./images/platon.jpg>]
(build/Р”РѕРєР»Р°Рґ_РќРµРѕРїР»Р°С‚РѕРЅРёР·Рј.toc)
\tf@toc=\write3
\openout3 = `Р”РѕРєР»Р°Рґ_РќРµРѕРїР»Р°С‚РѕРЅРёР·Рј.toc'.

 [1]
Underfull \hbox (badness 10000) in paragraph at lines 35--36

 []

[2] (/usr/share/texmf-texlive/tex/latex/ucs/data/uni-32.def
File: uni-32.def 2004/10/17 UCS: Unicode data U+2000..U+20FF
)
Underfull \hbox (badness 10000) in paragraph at lines 44--45

 []

[3]
Overfull \hbox (15.27612pt too wide) in paragraph at lines 50--51
\T2A/cmr/m/n/12 ных ти-пах лю-дей. Обы-ден-ный че-ло-век по-гру-жен в чувственн
о-практическое
 []


Underfull \hbox (badness 10000) in paragraph at lines 50--51

 []


Underfull \hbox (badness 10000) in paragraph at lines 53--54

 []

[4]
Underfull \hbox (badness 10000) in paragraph at lines 60--61

 []


Overfull \hbox (2.5479pt too wide) in paragraph at lines 63--66
[]\T2A/cmr/m/n/12 Источником кра-со-ты яв-ля-ет-ся объ-ек-тив-ный ми-ро-вой ра-
зум. Ведь кра-
 []

[5] <images/sc_ph1.png, id=30, 101.178pt x 255.1131pt>
File: images/sc_ph1.png Graphic file (type png)
 <use images/sc_ph1.png>
Overfull \hbox (4.01012pt too wide) in paragraph at lines 75--76
\T2A/cmr/m/n/12 Все ми-ро-воз-зре-ние Пло-ти-на про-ни-за-но един-ством, до обо
-жеств-ле-ния Еди-
 []


Underfull \hbox (badness 10000) in paragraph at lines 75--76

 []


Underfull \hbox (badness 10000) in paragraph at lines 78--80

 []

[6 <./images/sc_ph1.png>]
Underfull \hbox (badness 10000) in paragraph at lines 82--83

 []

(/usr/share/texmf-texlive/tex/latex/ucs/data/uni-0.def
File: uni-0.def 2004/10/17 UCS: Unicode data U+0000..U+00FF
)
Underfull \hbox (badness 10000) in paragraph at lines 85--86

 []


Underfull \hbox (badness 10000) in paragraph at lines 87--88

 []


Underfull \hbox (badness 10000) in paragraph at lines 89--90

 []


Underfull \hbox (badness 10000) in paragraph at lines 91--92

 []


Underfull \hbox (badness 10000) in paragraph at lines 93--95

 []

[7] [8]
Underfull \hbox (badness 10000) in paragraph at lines 108--110

 []

[9]
Overfull \hbox (42.68195pt too wide) in paragraph at lines 114--116
\T2A/cmr/m/n/12 Плотин по-ни-мал ма-те-рию как ѕнебы-тиеї, т.е. как ѕаб-со-лют-
ное не-существование,
 []


Underfull \hbox (badness 10000) in paragraph at lines 114--116

 []

[10]
Underfull \hbox (badness 10000) in paragraph at lines 120--121

 []


Underfull \hbox (badness 10000) in paragraph at lines 122--123

 []


Underfull \hbox (badness 10000) in paragraph at lines 124--125

 []

[11] [12]
Underfull \hbox (badness 10000) in paragraph at lines 135--136

 []

[13] (build/Р”РѕРєР»Р°Рґ_РќРµРѕРїР»Р°С‚РѕРЅРёР·Рј.aux) ) 
Here is how much of TeX's memory you used:
 3489 strings out of 494818
 41697 string characters out of 1178666
 86349 words of memory out of 3000000
 6656 multiletter control sequences out of 15000+50000
 14632 words of font info for 33 fonts, out of 3000000 for 9000
 212 hyphenation exceptions out of 8191
 25i,6n,24p,1877b,661s stack positions out of 5000i,500n,10000p,200000b,50000s
 </home/teddy/.texmf-va
r/fonts/pk/ljfour/lh/lh-t2a/labi1200.600pk> </home/teddy/.texmf-var/fonts/pk/lj
four/lh/lh-t2a/labx1200.600pk> </home/teddy/.texmf-var/fonts/pk/ljfour/lh/lh-t2
a/labx2488.600pk> </home/teddy/.texmf-var/fonts/pk/ljfour/lh/lh-t2a/labx1728.60
0pk> </home/teddy/.texmf-var/fonts/pk/ljfour/lh/lh-t2a/larm1200.600pk> </home/t
eddy/.texmf-var/fonts/pk/ljfour/lh/lh-t2a/lati1200.600pk> </home/teddy/.texmf-v
ar/fonts/pk/ljfour/lh/lh-t2a/labx1440.600pk> </home/teddy/.texmf-var/fonts/pk/l
jfour/lh/lh-t2a/larm2488.600pk> </home/teddy/.texmf-var/fonts/pk/ljfour/lh/lh-t
2a/larm1440.600pk>
Output written on build/Р”РѕРєР»Р°Рґ_РќРµРѕРїР»Р°С‚РѕРЅРёР·Рј.pdf (14 pages, 21
1225 bytes).
PDF statistics:
 366 PDF objects out of 1000 (max. 8388607)
 0 named destinations out of 1000 (max. 500000)
 11 words of extra memory for PDF output out of 10000 (max. 10000000)

